0 info it worked if it ends with ok
1 verbose cli [ '/nfs/zfs-student-6/users/itolmay/.brew/Cellar/node/6.3.1/bin/node',
1 verbose cli   '/nfs/zfs-student-6/users/itolmay/.brew/bin/npm',
1 verbose cli   'run',
1 verbose cli   'babel-node',
1 verbose cli   'router.js' ]
2 info using npm@3.10.3
3 info using node@v6.3.1
4 verbose run-script [ 'prebabel-node', 'babel-node', 'postbabel-node' ]
5 info lifecycle matcha@1.0.0~prebabel-node: matcha@1.0.0
6 silly lifecycle matcha@1.0.0~prebabel-node: no script for prebabel-node, continuing
7 info lifecycle matcha@1.0.0~babel-node: matcha@1.0.0
8 verbose lifecycle matcha@1.0.0~babel-node: unsafe-perm in lifecycle true
9 verbose lifecycle matcha@1.0.0~babel-node: PATH: /nfs/zfs-student-6/users/itolmay/.brew/lib/node_modules/npm/bin/node-gyp-bin:/nfs/zfs-student-6/users/itolmay/Documents/web/Matcha/node_modules/.bin:/nfs/zfs-student-6/users/itolmay/.brew/Cellar/node/6.3.1/bin:/nfs/zfs-student-6/users/itolmay/.brew/lib/node_modules/npm/bin/node-gyp-bin:/nfs/zfs-student-6/users/itolmay/Documents/web/Matcha/node_modules/.bin:/nfs/zfs-student-6/users/itolmay/.brew/Cellar/node/6.3.1/bin:/nfs/zfs-student-6/users/itolmay/.brew/bin:/nfs/zfs-student-6/users/itolmay/.brew/bin:/usr/local/bin:/usr/bin:/bin:/usr/sbin:/sbin:/opt/X11/bin:/usr/local/munki
10 verbose lifecycle matcha@1.0.0~babel-node: CWD: /nfs/zfs-student-6/users/itolmay/Documents/web/Matcha
11 silly lifecycle matcha@1.0.0~babel-node: Args: [ '-c', 'babel-node --presets=latest "router.js"' ]
12 silly lifecycle matcha@1.0.0~babel-node: Returned: code: 1  signal: null
13 info lifecycle matcha@1.0.0~babel-node: Failed to exec babel-node script
14 verbose stack Error: matcha@1.0.0 babel-node: `babel-node --presets=latest "router.js"`
14 verbose stack Exit status 1
14 verbose stack     at EventEmitter.<anonymous> (/nfs/zfs-student-6/users/itolmay/.brew/lib/node_modules/npm/lib/utils/lifecycle.js:242:16)
14 verbose stack     at emitTwo (events.js:106:13)
14 verbose stack     at EventEmitter.emit (events.js:191:7)
14 verbose stack     at ChildProcess.<anonymous> (/nfs/zfs-student-6/users/itolmay/.brew/lib/node_modules/npm/lib/utils/spawn.js:40:14)
14 verbose stack     at emitTwo (events.js:106:13)
14 verbose stack     at ChildProcess.emit (events.js:191:7)
14 verbose stack     at maybeClose (internal/child_process.js:852:16)
14 verbose stack     at Process.ChildProcess._handle.onexit (internal/child_process.js:215:5)
15 verbose pkgid matcha@1.0.0
16 verbose cwd /nfs/zfs-student-6/users/itolmay/Documents/web/Matcha
17 error Darwin 15.6.0
18 error argv "/nfs/zfs-student-6/users/itolmay/.brew/Cellar/node/6.3.1/bin/node" "/nfs/zfs-student-6/users/itolmay/.brew/bin/npm" "run" "babel-node" "router.js"
19 error node v6.3.1
20 error npm  v3.10.3
21 error code ELIFECYCLE
22 error matcha@1.0.0 babel-node: `babel-node --presets=latest "router.js"`
22 error Exit status 1
23 error Failed at the matcha@1.0.0 babel-node script 'babel-node --presets=latest "router.js"'.
23 error Make sure you have the latest version of node.js and npm installed.
23 error If you do, this is most likely a problem with the matcha package,
23 error not with npm itself.
23 error Tell the author that this fails on your system:
23 error     babel-node --presets=latest "router.js"
23 error You can get information on how to open an issue for this project with:
23 error     npm bugs matcha
23 error Or if that isn't available, you can get their info via:
23 error     npm owner ls matcha
23 error There is likely additional logging output above.
24 verbose exit [ 1, true ]
